2022-05-14 07:49:37,002:INFO: device: cuda:0
2022-05-14 07:49:37,003:INFO: --------Process Done!--------
2022-05-14 07:49:46,522:INFO: --------Dataset Build!--------
2022-05-14 07:49:46,523:INFO: --------Get Dataloader!--------
2022-05-14 07:49:58,009:INFO: --------Start Training!--------
2022-05-14 07:52:41,346:INFO: device: cuda:0
2022-05-14 07:52:41,347:INFO: --------Process Done!--------
2022-05-14 07:52:50,543:INFO: --------Dataset Build!--------
2022-05-14 07:52:50,544:INFO: --------Get Dataloader!--------
2022-05-14 07:52:56,495:INFO: --------Start Training!--------
2022-05-14 07:54:59,520:INFO: device: cuda:0
2022-05-14 07:54:59,521:INFO: --------Process Done!--------
2022-05-14 07:55:09,117:INFO: --------Dataset Build!--------
2022-05-14 07:55:09,117:INFO: --------Get Dataloader!--------
2022-05-14 07:55:15,047:INFO: --------Start Training!--------
2022-05-14 07:57:20,997:INFO: device: cuda:0
2022-05-14 07:57:20,998:INFO: --------Process Done!--------
2022-05-14 07:57:30,026:INFO: --------Dataset Build!--------
2022-05-14 07:57:30,026:INFO: --------Get Dataloader!--------
2022-05-14 07:57:35,870:INFO: --------Start Training!--------
2022-05-14 08:04:09,821:INFO: device: cuda:0
2022-05-14 08:04:09,822:INFO: --------Process Done!--------
2022-05-14 08:04:18,413:INFO: --------Dataset Build!--------
2022-05-14 08:04:18,413:INFO: --------Get Dataloader!--------
2022-05-14 08:04:24,308:INFO: --------Start Training!--------
2022-05-15 10:15:53,601:INFO: device: cuda:0
2022-05-15 10:15:53,903:INFO: --------Process Done!--------
2022-05-15 10:16:05,661:INFO: --------Dataset Build!--------
2022-05-15 10:16:05,662:INFO: --------Get Dataloader!--------
2022-05-15 10:16:26,026:INFO: --------Start Training!--------
2022-05-15 10:18:57,301:INFO: device: cuda:0
2022-05-15 10:18:57,302:INFO: --------Process Done!--------
2022-05-15 10:19:06,744:INFO: --------Dataset Build!--------
2022-05-15 10:19:06,744:INFO: --------Get Dataloader!--------
2022-05-15 10:19:11,595:INFO: --------Start Training!--------
2022-05-15 10:20:42,708:INFO: device: cuda:0
2022-05-15 10:20:42,710:INFO: --------Process Done!--------
2022-05-15 10:20:51,495:INFO: --------Dataset Build!--------
2022-05-15 10:20:51,496:INFO: --------Get Dataloader!--------
2022-05-15 10:20:56,347:INFO: --------Start Training!--------
2022-05-15 10:33:35,063:INFO: Epoch: 1, train loss: 0.4565397349253096
2022-05-15 10:34:30,349:INFO: Epoch: 1, dev loss: 0.2988792958485473, f1 score: 0.884
2022-05-15 10:34:31,732:INFO: --------Save best model!--------
2022-05-15 10:47:13,219:INFO: Epoch: 2, train loss: 0.29864877661890016
2022-05-15 10:48:07,834:INFO: Epoch: 2, dev loss: 0.26923461932285575, f1 score: 0.8944
2022-05-15 10:48:09,219:INFO: --------Save best model!--------
2022-05-15 11:00:54,912:INFO: Epoch: 3, train loss: 0.2366193903864288
2022-05-15 11:01:48,922:INFO: Epoch: 3, dev loss: 0.29234771298802203, f1 score: 0.8984
2022-05-15 11:01:50,456:INFO: --------Save best model!--------
2022-05-15 11:14:35,981:INFO: Epoch: 4, train loss: 0.1779074825603957
2022-05-15 11:15:31,048:INFO: Epoch: 4, dev loss: 0.28532870860094095, f1 score: 0.9
2022-05-15 11:15:32,500:INFO: --------Save best model!--------
2022-05-15 11:28:16,349:INFO: Epoch: 5, train loss: 0.13833462171742722
2022-05-15 11:29:11,326:INFO: Epoch: 5, dev loss: 0.2863581564372322, f1 score: 0.9092
2022-05-15 11:29:12,764:INFO: --------Save best model!--------
2022-05-15 11:41:55,800:INFO: Epoch: 6, train loss: 0.0998427293603603
2022-05-15 11:42:48,884:INFO: Epoch: 6, dev loss: 0.5848926709190747, f1 score: 0.8656
2022-05-15 11:55:32,027:INFO: Epoch: 7, train loss: 0.07466733088513242
2022-05-15 11:56:24,674:INFO: Epoch: 7, dev loss: 0.5375140560827971, f1 score: 0.8836
2022-05-15 12:09:09,071:INFO: Epoch: 8, train loss: 0.05245914437328452
2022-05-15 12:10:03,191:INFO: Epoch: 8, dev loss: 0.46804762074418343, f1 score: 0.89
2022-05-15 12:22:49,827:INFO: Epoch: 9, train loss: 0.05109832497390484
2022-05-15 12:23:44,939:INFO: Epoch: 9, dev loss: 0.5027982147931785, f1 score: 0.8948
2022-05-15 12:36:27,853:INFO: Epoch: 10, train loss: 0.041861031453520096
2022-05-15 12:37:24,796:INFO: Epoch: 10, dev loss: 0.4727411712912819, f1 score: 0.9016
2022-05-15 12:50:10,866:INFO: Epoch: 11, train loss: 0.04409237421969036
2022-05-15 12:51:05,251:INFO: Epoch: 11, dev loss: 0.6082807977992121, f1 score: 0.8996
2022-05-15 13:03:47,009:INFO: Epoch: 12, train loss: 0.03952975451734692
2022-05-15 13:04:41,734:INFO: Epoch: 12, dev loss: 0.5193093264146239, f1 score: 0.8944
2022-05-15 13:17:30,020:INFO: Epoch: 13, train loss: 0.04255681614090828
2022-05-15 13:18:24,208:INFO: Epoch: 13, dev loss: 0.5320250026708926, f1 score: 0.898
2022-05-15 13:31:08,832:INFO: Epoch: 14, train loss: 0.04355882350718616
2022-05-15 13:32:04,418:INFO: Epoch: 14, dev loss: 0.5653559447401114, f1 score: 0.8856
2022-05-15 13:44:44,462:INFO: Epoch: 15, train loss: 0.034756157816637254
2022-05-15 13:45:38,720:INFO: Epoch: 15, dev loss: 0.519733936724603, f1 score: 0.8944
2022-05-15 13:45:38,721:INFO: Best val f1: 0.9092
2022-05-15 13:45:38,721:INFO: Training Finished!
2022-05-17 22:04:15,100:INFO: device: cpu
2022-05-17 22:04:32,126:INFO: device: cpu
2022-05-17 22:04:49,255:INFO: device: cpu
2022-05-17 22:06:15,577:INFO: device: cpu
2022-05-17 22:06:32,392:INFO: device: cpu
2022-05-17 22:07:52,191:INFO: device: cpu
2022-05-17 22:09:19,542:INFO: device: cpu
2022-05-17 22:09:54,541:INFO: device: cpu
2022-05-17 22:10:10,255:INFO: device: cpu
2022-05-17 22:10:42,460:INFO: device: cpu
2022-05-17 22:11:33,127:INFO: device: cpu
2022-05-17 22:11:45,141:INFO: device: cpu
2022-05-17 22:12:18,703:INFO: device: cpu
2022-05-17 22:12:55,449:INFO: device: cpu
2022-05-17 22:15:01,007:INFO: device: cpu
2022-05-17 22:15:36,955:INFO: device: cpu
2022-05-17 22:16:08,096:INFO: device: cpu
2022-05-17 22:16:34,875:INFO: device: cpu
2022-05-17 22:18:12,174:INFO: device: cpu
2022-05-17 22:18:44,742:INFO: device: cpu
2022-05-17 22:19:44,357:INFO: device: cpu
2022-05-17 22:21:53,167:INFO: device: cpu
2022-05-17 22:22:43,878:INFO: device: cpu
2022-05-17 22:23:12,545:INFO: device: cpu
2022-05-17 22:23:39,670:INFO: device: cpu
2022-05-17 22:24:14,727:INFO: device: cpu
2022-05-17 22:25:39,948:INFO: device: cpu
2022-05-17 23:13:56,662:INFO: device: cpu
2022-05-17 23:14:55,344:INFO: device: cpu
2022-05-17 23:16:07,511:INFO: device: cpu
2022-05-17 23:16:19,034:INFO: device: cpu
2022-05-17 23:16:31,994:INFO: device: cpu
2022-05-17 23:16:43,908:INFO: device: cpu
2022-05-17 23:18:34,678:INFO: device: cpu
2022-05-17 23:18:44,088:INFO: device: cpu
2022-05-17 23:19:15,411:INFO: device: cpu
2022-05-17 23:19:28,679:INFO: device: cpu
2022-05-17 23:20:56,172:INFO: device: cpu
2022-05-17 23:21:09,768:INFO: device: cpu
2022-05-17 23:21:32,202:INFO: device: cpu
2022-05-17 23:21:47,255:INFO: device: cpu
2022-05-17 23:22:45,935:INFO: device: cpu
2022-05-17 23:22:57,607:INFO: device: cpu
2022-05-17 23:24:23,848:INFO: device: cpu
2022-05-17 23:26:51,715:INFO: device: cpu
